<?xml version="1.0" encoding="UTF-8"?>
<!-- Generated by org.testng.reporters.JUnitXMLReporter -->
<testsuite ignored="0" hostname="DESKTOP-7N5R1H4" failures="0" tests="3" name="Default test" time="13.889" errors="0" timestamp="2021-02-17T18:09:01 IST">
  <testcase classname="io.cucumber.testng.AbstractTestNGCucumberTests" name="runScenario" time="4.839"/>
  <testcase classname="io.cucumber.testng.AbstractTestNGCucumberTests" name="runScenario" time="2.213"/>
  <testcase classname="runners.TestRunner" name="test" time="0.012"/>
</testsuite> <!-- Default test -->
