<?xml version="1.0" encoding="UTF-8"?>
<testng-results ignored="0" total="3" passed="3" failed="0" skipped="0">
  <reporter-output>
  </reporter-output>
  <suite started-at="2021-02-17T18:08:47 IST" name="Default suite" finished-at="2021-02-17T18:09:01 IST" duration-ms="13889">
    <groups>
      <group name="cucumber">
        <method signature="AbstractTestNGCucumberTests.runScenario(io.cucumber.testng.PickleWrapper, io.cucumber.testng.FeatureWrapper)[pri:0, instance:runners.TestRunner@d29f28]" name="runScenario" class="io.cucumber.testng.AbstractTestNGCucumberTests"/>
      </group> <!-- cucumber -->
    </groups>
    <test started-at="2021-02-17T18:08:47 IST" name="Default test" finished-at="2021-02-17T18:09:01 IST" duration-ms="13889">
      <class name="runners.TestRunner">
        <test-method is-config="true" signature="setUpClass()[pri:0, instance:runners.TestRunner@d29f28]" started-at="2021-02-17T18:08:47 IST" name="setUpClass" finished-at="2021-02-17T18:08:49 IST" duration-ms="1685" status="PASS">
          <reporter-output>
          </reporter-output>
        </test-method> <!-- setUpClass -->
        <test-method signature="runScenario(io.cucumber.testng.PickleWrapper, io.cucumber.testng.FeatureWrapper)[pri:0, instance:runners.TestRunner@d29f28]" started-at="2021-02-17T18:08:49 IST" name="runScenario" description="Runs Cucumber Scenarios" data-provider="scenarios" finished-at="2021-02-17T18:08:54 IST" duration-ms="4839" status="PASS">
          <params>
            <param index="0">
              <value>
                <![CDATA["User able to view all Student records in StudentApp"]]>
              </value>
            </param>
            <param index="1">
              <value>
                <![CDATA["Optional[End to End Tests in Student API]"]]>
              </value>
            </param>
          </params>
          <reporter-output>
          </reporter-output>
        </test-method> <!-- runScenario -->
        <test-method signature="runScenario(io.cucumber.testng.PickleWrapper, io.cucumber.testng.FeatureWrapper)[pri:0, instance:runners.TestRunner@d29f28]" started-at="2021-02-17T18:08:54 IST" name="runScenario" description="Runs Cucumber Scenarios" data-provider="scenarios" finished-at="2021-02-17T18:08:56 IST" duration-ms="2213" status="PASS">
          <params>
            <param index="0">
              <value>
                <![CDATA["User is able to add Student details in StudentAPI"]]>
              </value>
            </param>
            <param index="1">
              <value>
                <![CDATA["Optional[End to End Tests in Student API]"]]>
              </value>
            </param>
          </params>
          <reporter-output>
          </reporter-output>
        </test-method> <!-- runScenario -->
        <test-method signature="test()[pri:0, instance:runners.TestRunner@d29f28]" started-at="2021-02-17T18:08:56 IST" name="test" finished-at="2021-02-17T18:08:56 IST" duration-ms="12" status="PASS">
          <reporter-output>
          </reporter-output>
        </test-method> <!-- test -->
        <test-method is-config="true" signature="tearDownClass()[pri:0, instance:runners.TestRunner@d29f28]" started-at="2021-02-17T18:08:56 IST" name="tearDownClass" finished-at="2021-02-17T18:09:01 IST" duration-ms="5040" status="PASS">
          <reporter-output>
          </reporter-output>
        </test-method> <!-- tearDownClass -->
      </class> <!-- runners.TestRunner -->
    </test> <!-- Default test -->
  </suite> <!-- Default suite -->
</testng-results>
